<?xml version="1.0" encoding="UTF-8"?>
<coverage generated="1543374430367" clover="3.2.0">
  <project timestamp="1543374430367" name="All files">
    <metrics statements="8" coveredstatements="8" conditionals="0" coveredconditionals="0" methods="5" coveredmethods="5" elements="13" coveredelements="13" complexity="0" loc="8" ncloc="8" packages="2" files="3" classes="3">
      <package name="src.components">
        <metrics statements="7" coveredstatements="7" conditionals="0" coveredconditionals="0" methods="5" coveredmethods="5"/>
        <file name="HelloWorld.vue" path="/Users/zhouhaimei/Bwton_work/H5-Biz-Mobile/msx-wallet/src/components/HelloWorld.vue">
          <metrics statements="1" coveredstatements="1" conditionals="0" coveredconditionals="0" methods="1" coveredmethods="1"/>
          <line num="90" count="1" type="stmt"/>
        </file>
        <file name="TestComponent.vue" path="/Users/zhouhaimei/Bwton_work/H5-Biz-Mobile/msx-wallet/src/components/TestComponent.vue">
          <metrics statements="6" coveredstatements="6" conditionals="0" coveredconditionals="0" methods="4" coveredmethods="4"/>
          <line num="28" count="9" type="stmt"/>
          <line num="35" count="1" type="stmt"/>
          <line num="38" count="2" type="stmt"/>
          <line num="39" count="2" type="stmt"/>
          <line num="40" count="2" type="stmt"/>
          <line num="41" count="2" type="stmt"/>
        </file>
      </package>
      <package name="test.unit">
        <metrics statements="1" coveredstatements="1" conditionals="0" coveredconditionals="0" methods="0" coveredmethods="0"/>
        <file name="setup.js" path="/Users/zhouhaimei/Bwton_work/H5-Biz-Mobile/msx-wallet/test/unit/setup.js">
          <metrics statements="1" coveredstatements="1" conditionals="0" coveredconditionals="0" methods="0" coveredmethods="0"/>
          <line num="3" count="2" type="stmt"/>
        </file>
      </package>
    </metrics>
  </project>
</coverage>
