{"/Users/zhouhaimei/Bwton_work/H5-Biz-Mobile/msx-wallet/src/components/HelloWorld.vue": {"path":"/Users/zhouhaimei/Bwton_work/H5-Biz-Mobile/msx-wallet/src/components/HelloWorld.vue","statementMap":{"0":{"start":{"line":90,"column":0},"end":{"line":null,"column":-1}}},"fnMap":{"0":{"name":"data","decl":{"start":{"line":89,"column":0},"end":{"line":null,"column":-1}},"loc":{"start":{"line":89,"column":0},"end":{"line":93,"column":0}}}},"branchMap":{},"s":{"0":1},"f":{"0":1},"b":{}}
,"/Users/zhouhaimei/Bwton_work/H5-Biz-Mobile/msx-wallet/src/components/TestComponent.vue": {"path":"/Users/zhouhaimei/Bwton_work/H5-Biz-Mobile/msx-wallet/src/components/TestComponent.vue","statementMap":{"0":{"start":{"line":28,"column":0},"end":{"line":null,"column":-1}},"1":{"start":{"line":35,"column":0},"end":{"line":null,"column":-1}},"2":{"start":{"line":38,"column":0},"end":{"line":null,"column":-1}},"3":{"start":{"line":39,"column":0},"end":{"line":42,"column":0}},"4":{"start":{"line":40,"column":0},"end":{"line":null,"column":-1}},"5":{"start":{"line":41,"column":0},"end":{"line":null,"column":-1}}},"fnMap":{"0":{"name":"data","decl":{"start":{"line":27,"column":0},"end":{"line":null,"column":-1}},"loc":{"start":{"line":27,"column":0},"end":{"line":31,"column":0}}},"1":{"name":"emit","decl":{"start":{"line":34,"column":0},"end":{"line":null,"column":-1}},"loc":{"start":{"line":34,"column":0},"end":{"line":36,"column":0}}},"2":{"name":"fetch","decl":{"start":{"line":38,"column":0},"end":{"line":null,"column":-1}},"loc":{"start":{"line":38,"column":0},"end":{"line":43,"column":0}}},"3":{"name":"(anonymous_5)","decl":{"start":{"line":39,"column":0},"end":{"line":null,"column":-1}},"loc":{"start":{"line":39,"column":0},"end":{"line":42,"column":0}}}},"branchMap":{},"s":{"0":9,"1":1,"2":2,"3":2,"4":2,"5":2},"f":{"0":9,"1":1,"2":2,"3":2},"b":{}}
,"/Users/zhouhaimei/Bwton_work/H5-Biz-Mobile/msx-wallet/test/unit/setup.js": {"path":"/Users/zhouhaimei/Bwton_work/H5-Biz-Mobile/msx-wallet/test/unit/setup.js","statementMap":{"0":{"start":{"line":3,"column":0},"end":{"line":3,"column":32}}},"fnMap":{},"branchMap":{},"s":{"0":2},"f":{},"b":{},"_coverageSchema":"332fd63041d2c1bcb487cc26dd0d5f7d97098a6c","hash":"e2d7a794b8c9a77bb6fa970b332425267928bd7c"}
}
