TN:
SF:/Users/zhouhaimei/Bwton_work/H5-Biz-Mobile/msx-wallet/src/components/HelloWorld.vue
FN:89,data
FNF:1
FNH:1
FNDA:1,data
DA:90,1
LF:1
LH:1
BRF:0
BRH:0
end_of_record
TN:
SF:/Users/zhouhaimei/Bwton_work/H5-Biz-Mobile/msx-wallet/src/components/TestComponent.vue
FN:27,data
FN:34,emit
FN:38,fetch
FN:39,(anonymous_5)
FNF:4
FNH:4
FNDA:9,data
FNDA:1,emit
FNDA:2,fetch
FNDA:2,(anonymous_5)
DA:28,9
DA:35,1
DA:38,2
DA:39,2
DA:40,2
DA:41,2
LF:6
LH:6
BRF:0
BRH:0
end_of_record
TN:
SF:/Users/zhouhaimei/Bwton_work/H5-Biz-Mobile/msx-wallet/test/unit/setup.js
FNF:0
FNH:0
DA:3,2
LF:1
LH:1
BRF:0
BRH:0
end_of_record
